Determining if the pthread_create exist failed with the following output:
Change Dir: /home/pi/Edu/edu/Exec/CMakeFiles/CMakeTmp

Run Build Command:"/usr/bin/make" "cmTC_27b2e/fast"
/usr/bin/make -f CMakeFiles/cmTC_27b2e.dir/build.make CMakeFiles/cmTC_27b2e.dir/build
make[1]: Entering directory '/home/pi/Edu/edu/Exec/CMakeFiles/CMakeTmp'
Building C object CMakeFiles/cmTC_27b2e.dir/CheckSymbolExists.c.o
/usr/bin/cc     -o CMakeFiles/cmTC_27b2e.dir/CheckSymbolExists.c.o   -c /home/pi/Edu/edu/Exec/CMakeFiles/CMakeTmp/CheckSymbolExists.c
Linking C executable cmTC_27b2e
/usr/bin/cmake -E cmake_link_script CMakeFiles/cmTC_27b2e.dir/link.txt --verbose=1
/usr/bin/cc       CMakeFiles/cmTC_27b2e.dir/CheckSymbolExists.c.o  -o cmTC_27b2e 
CMakeFiles/cmTC_27b2e.dir/CheckSymbolExists.c.o: In function `main':
CheckSymbolExists.c:(.text+0x38): undefined reference to `pthread_create'
collect2: error: ld returned 1 exit status
CMakeFiles/cmTC_27b2e.dir/build.make:97: recipe for target 'cmTC_27b2e' failed
make[1]: *** [cmTC_27b2e] Error 1
make[1]: Leaving directory '/home/pi/Edu/edu/Exec/CMakeFiles/CMakeTmp'
Makefile:126: recipe for target 'cmTC_27b2e/fast' failed
make: *** [cmTC_27b2e/fast] Error 2

File /home/pi/Edu/edu/Exec/CMakeFiles/CMakeTmp/CheckSymbolExists.c:
/* */
#include <pthread.h>

int main(int argc, char** argv)
{
  (void)argv;
#ifndef pthread_create
  return ((int*)(&pthread_create))[argc];
#else
  (void)argc;
  return 0;
#endif
}

